<?xml version="1.0" encoding="UTF-8"?>
<testsuite xmlns:xsi="http://www.w3.org/2001/XMLSchema-instance" xsi:noNamespaceSchemaLocation="https://maven.apache.org/surefire/maven-surefire-plugin/xsd/surefire-test-report-3.0.xsd" version="3.0" name="com.mycompany.dreambound.DreamBoundTest" time="0.176" tests="8" errors="0" skipped="0" failures="0">
  <properties>
[...]
</properties>
  <testcase name="testJungleDreamChallenge" classname="com.mycompany.dreambound.DreamBoundTest" time="0.025">
    <system-out><![CDATA[You are in the Jungle Dream. A monkey stole your map!
Solve this riddle to get it back:
I speak without a mouth and hear without ears. What am I?
Hint: It's something that repeats what you say.
 Correct! The monkey returns your map.
]]></system-out>
  </testcase>
  <testcase name="testAddingItemsToInventory" classname="com.mycompany.dreambound.DreamBoundTest" time="0.0"/>
  <testcase name="testPlayerInitialization" classname="com.mycompany.dreambound.DreamBoundTest" time="0.0"/>
  <testcase name="testScaryDreamChallenge" classname="com.mycompany.dreambound.DreamBoundTest" time="0.003">
    <system-out><![CDATA[ You are trapped in a haunted house!
Three keys lie on the table: Gold, Silver, and Rusty.
Hint: The key that looks old and worn might be the one you need.
Which key will open the exit door?  The rusty key creaks... the door opens!
]]></system-out>
  </testcase>
  <testcase name="testDreamFactoryCreatesProperDreams" classname="com.mycompany.dreambound.DreamBoundTest" time="0.0"/>
  <testcase name="testSeaDreamChallenge" classname="com.mycompany.dreambound.DreamBoundTest" time="0.009">
    <system-out><![CDATA[You are lost in the Sea Dream. Your compass is broken.
Collect the correct shell to rebuild it: Conch, Starfish, or Pebble.
The conch shell glows and fixes your compass!
]]></system-out>
  </testcase>
  <testcase name="testCandyDreamChallenge" classname="com.mycompany.dreambound.DreamBoundTest" time="0.002">
    <system-out><![CDATA[You are in Candy Land! A chocolate bridge blocks your way.
Guess the correct candy to step on: Marshmallow, Gummy, or Licorice.
Hint: The candy that is chewy and bouncy might be safe to step on.
Sweet! The gummy path is safe and chewy.
]]></system-out>
  </testcase>
  <testcase name="testSpawnRandomDream" classname="com.mycompany.dreambound.DreamBoundTest" time="0.002">
    <system-out><![CDATA[DreamServer: Spawning dream -> Scary (Difficulty: Hard)
Description: Escape the haunted house without getting caught by ghosts.
]]></system-out>
  </testcase>
</testsuite>