<?xml version="1.0" encoding="UTF-8"?>
<testsuite xmlns:xsi="http://www.w3.org/2001/XMLSchema-instance" xsi:noNamespaceSchemaLocation="https://maven.apache.org/surefire/maven-surefire-plugin/xsd/surefire-test-report-3.0.xsd" version="3.0" name="com.mycompany.spaceminingadventure.SpaceMiningAdventureTest" time="0.106" tests="7" errors="0" skipped="0" failures="0">
  <properties>
[...]
</properties>
  <testcase name="testPlanetVisit" classname="com.mycompany.spaceminingadventure.SpaceMiningAdventureTest" time="0.009"/>
  <testcase name="testShipTakeDamageAndFuelUsage" classname="com.mycompany.spaceminingadventure.SpaceMiningAdventureTest" time="0.0"/>
  <testcase name="testCargoShipAddResource" classname="com.mycompany.spaceminingadventure.SpaceMiningAdventureTest" time="0.0"/>
  <testcase name="testCargoShipCapacityLimit" classname="com.mycompany.spaceminingadventure.SpaceMiningAdventureTest" time="0.0"/>
  <testcase name="testBattleShipAttack" classname="com.mycompany.spaceminingadventure.SpaceMiningAdventureTest" time="0.016">
    <system-out><![CDATA[Defender attacks Zorgon for 20 damage!
]]></system-out>
  </testcase>
  <testcase name="testWeakAlienAttack" classname="com.mycompany.spaceminingadventure.SpaceMiningAdventureTest" time="0.004">
    <system-out><![CDATA[Martian attacks for 5 damage!
]]></system-out>
  </testcase>
  <testcase name="testStrongAlienAttack" classname="com.mycompany.spaceminingadventure.SpaceMiningAdventureTest" time="0.003">
    <system-out><![CDATA[Zorgon attacks for 15 damage!
]]></system-out>
  </testcase>
</testsuite>